<?xml version="1.0" encoding="UTF-8"?>
<testng-results ignored="0" total="1" passed="1" failed="0" skipped="0">
  <reporter-output>
  </reporter-output>
  <suite started-at="2020-09-04T00:46:29Z" name="Default suite" finished-at="2020-09-04T00:46:56Z" duration-ms="26477">
    <groups>
    </groups>
    <test started-at="2020-09-04T00:46:29Z" name="Default test" finished-at="2020-09-04T00:46:56Z" duration-ms="26477">
      <class name="org.pack.DemoRegistration">
        <test-method is-config="true" signature="tc11()[pri:0, instance:org.pack.DemoRegistration@f0c8a99]" started-at="2020-09-04T00:46:30Z" name="tc11" finished-at="2020-09-04T00:46:33Z" duration-ms="3443" status="PASS">
          <reporter-output>
          </reporter-output>
        </test-method> <!-- tc11 -->
        <test-method signature="tc1()[pri:0, instance:org.pack.DemoRegistration@f0c8a99]" started-at="2020-09-04T00:46:33Z" name="tc1" finished-at="2020-09-04T00:46:56Z" duration-ms="23001" status="PASS">
          <reporter-output>
          </reporter-output>
        </test-method> <!-- tc1 -->
      </class> <!-- org.pack.DemoRegistration -->
    </test> <!-- Default test -->
  </suite> <!-- Default suite -->
</testng-results>
